#
# A fatal error has been detected by the Java Runtime Environment:
#
#  EXCEPTION_ACCESS_VIOLATION (0xc0000005) at pc=0x00007ffa13810100, pid=2184, tid=18380
#
# JRE version: Java(TM) SE Runtime Environment (18.0.1.1+2) (build 18.0.1.1+2-6)
# Java VM: Java HotSpot(TM) 64-Bit Server VM (18.0.1.1+2-6, mixed mode, sharing, tiered, compressed oops, compressed class ptrs, g1 gc, windows-amd64)
# Problematic frame:
# V  [jvm.dll+0x9c0100]
#
# No core dump will be written. Minidumps are not enabled by default on client versions of Windows
#
# If you would like to submit a bug report, please visit:
#   https://bugreport.java.com/bugreport/crash.jsp
#

---------------  S U M M A R Y ------------

Command Line: com.mycompany.presentacionfaceboot.FrmRegistro

Host: AMD Ryzen 3 1200 Quad-Core Processor           , 4 cores, 15G,  Windows 10 , 64 bit Build 19041 (10.0.19041.2251)
Time: Wed Nov 23 20:51:01 2022 Hora estándar de las Montañas elapsed time: 26.011275 seconds (0d 0h 0m 26s)

---------------  T H R E A D  ---------------

Current thread (0x0000018773e4b3e0):  JavaThread "C2 CompilerThread0" daemon [_thread_in_native, id=18380, stack(0x000000663e500000,0x000000663e600000)]


Current CompileTask:
C2:  26011 4336       4       com.google.common.net.MediaType::create (172 bytes)

Stack: [0x000000663e500000,0x000000663e600000],  sp=0x000000663e5fb1d8,  free space=1004k
Native frames: (J=compiled Java code, j=interpreted, Vv=VM code, C=native code)
V  [jvm.dll+0x9c0100]


siginfo: EXCEPTION_ACCESS_VIOLATION (0xc0000005), data execution prevention violation at address 0x00007ffa13810100


Register to memory mapping:

RIP=0x00007ffa13810100 jvm.dll
RAX=0x00007ffa136c3280 jvm.dll
RBX=0x0000018773e9c750 points into unknown readable memory: 0x00007ffa136b3088 | 88 30 6b 13 fa 7f 00 00
RCX=0x0000018778114220 points into unknown readable memory: 0x00007ffa136c3288 | 88 32 6c 13 fa 7f 00 00
RDX=0x0000018778114220 points into unknown readable memory: 0x00007ffa136c3288 | 88 32 6c 13 fa 7f 00 00
RSP=0x000000663e5fb1d8 is pointing into the stack for thread: 0x0000018773e4b3e0
RBP=0x000000000000110b is an unknown value
RSI=0x000000663e5fb470 is pointing into the stack for thread: 0x0000018773e4b3e0
RDI=0x0000018773e9c750 points into unknown readable memory: 0x00007ffa136b3088 | 88 30 6b 13 fa 7f 00 00
R8 =0x0000018773e9c750 points into unknown readable memory: 0x00007ffa136b3088 | 88 30 6b 13 fa 7f 00 00
R9 =0x000000663e5fb470 is pointing into the stack for thread: 0x0000018773e4b3e0
R10=0x0000000000003fff is an unknown value
R11=0x0 is NULL
R12=0x0 is NULL
R13=0x0000018751912330 points into unknown readable memory: 0x00007ffa1376c730 | 30 c7 76 13 fa 7f 00 00
R14=0x0000000000001930 is an unknown value
R15=0x0000018778114220 points into unknown readable memory: 0x00007ffa136c3288 | 88 32 6c 13 fa 7f 00 00


Registers:
RAX=0x00007ffa136c3280, RBX=0x0000018773e9c750, RCX=0x0000018778114220, RDX=0x0000018778114220
RSP=0x000000663e5fb1d8, RBP=0x000000000000110b, RSI=0x000000663e5fb470, RDI=0x0000018773e9c750
R8 =0x0000018773e9c750, R9 =0x000000663e5fb470, R10=0x0000000000003fff, R11=0x0000000000000000
R12=0x0000000000000000, R13=0x0000018751912330, R14=0x0000000000001930, R15=0x0000018778114220
RIP=0x00007ffa13810100, EFLAGS=0x0000000000010202

Top of Stack: (sp=0x000000663e5fb1d8)
0x000000663e5fb1d8:   00007ffa1350e862 0000018778114290
0x000000663e5fb1e8:   00007ffa1350d888 0000000000000000
0x000000663e5fb1f8:   0000000000001930 0000018700bc7a18
0x000000663e5fb208:   0000000000000000 0000000000000000
0x000000663e5fb218:   0000018773e9c750 0000000000001930
0x000000663e5fb228:   000000663e5fb470 0000018778114220
0x000000663e5fb238:   00007ffa1350f03e 000000663e5fb470
0x000000663e5fb248:   0000018778114220 0000000000000000
0x000000663e5fb258:   000000000000110b 000000663e5fb470
0x000000663e5fb268:   00007ffa1350de5a 000000663e5fe3e0
0x000000663e5fb278:   000000000000110b 0000018778114220
0x000000663e5fb288:   0000000000000050 0000000000000050
0x000000663e5fb298:   0000000000000200 00007ffa13759430
0x000000663e5fb2a8:   00007ffa13081346 0000000000000000
0x000000663e5fb2b8:   0000018773ce1170 000000663e5fe3e0
0x000000663e5fb2c8:   000000663e5fb3b0 0000000800000000 

Instructions: (pc=0x00007ffa13810100)
0x00007ffa13810000:   18 00 9c 00 f0 ff 9b 00 00 00 00 00 00 00 00 00
0x00007ffa13810010:   00 00 00 00 00 00 00 00 00 00 00 00 00 00 00 00
0x00007ffa13810020:   03 00 00 00 30 00 9c 00 00 00 00 00 00 00 00 00
0x00007ffa13810030:   50 00 9c 00 98 ff 9b 00 48 81 9b 00 00 00 00 00
0x00007ffa13810040:   00 00 00 00 00 00 00 00 00 00 00 00 00 00 00 00
0x00007ffa13810050:   c0 a6 af 00 02 00 00 00 00 00 00 00 ff ff ff ff
0x00007ffa13810060:   00 00 00 00 40 00 00 00 18 00 9c 00 00 00 00 00
0x00007ffa13810070:   00 00 00 00 00 00 00 00 01 00 00 00 00 00 00 00
0x00007ffa13810080:   00 00 00 00 e8 a6 af 00 a0 00 9c 00 78 00 9c 00
0x00007ffa13810090:   00 00 00 00 00 00 00 00 00 00 00 00 00 00 00 00
0x00007ffa138100a0:   00 00 00 00 00 00 00 00 03 00 00 00 b8 00 9c 00
0x00007ffa138100b0:   00 00 00 00 00 00 00 00 d8 00 9c 00 f0 80 9b 00
0x00007ffa138100c0:   48 81 9b 00 00 00 00 00 00 00 00 00 00 00 00 00
0x00007ffa138100d0:   00 00 00 00 00 00 00 00 e8 a6 af 00 02 00 00 00
0x00007ffa138100e0:   00 00 00 00 ff ff ff ff 00 00 00 00 40 00 00 00
0x00007ffa138100f0:   a0 00 9c 00 00 00 00 00 00 00 00 00 00 00 00 00
0x00007ffa13810100:   01 00 00 00 00 00 00 00 00 00 00 00 a0 a6 af 00
0x00007ffa13810110:   c0 ff 9b 00 00 01 9c 00 00 00 00 00 00 00 00 00
0x00007ffa13810120:   00 00 00 00 00 00 00 00 01 00 00 00 00 00 00 00
0x00007ffa13810130:   00 00 00 00 10 a7 af 00 50 01 9c 00 28 01 9c 00
0x00007ffa13810140:   00 00 00 00 00 00 00 00 00 00 00 00 00 00 00 00
0x00007ffa13810150:   00 00 00 00 00 00 00 00 03 00 00 00 68 01 9c 00
0x00007ffa13810160:   00 00 00 00 00 00 00 00 88 01 9c 00 f0 80 9b 00
0x00007ffa13810170:   48 81 9b 00 00 00 00 00 00 00 00 00 00 00 00 00
0x00007ffa13810180:   00 00 00 00 00 00 00 00 10 a7 af 00 02 00 00 00
0x00007ffa13810190:   00 00 00 00 ff ff ff ff 00 00 00 00 40 00 00 00
0x00007ffa138101a0:   50 01 9c 00 00 00 00 00 00 00 00 00 00 00 00 00
0x00007ffa138101b0:   01 00 00 00 00 00 00 00 00 00 00 00 38 a7 af 00
0x00007ffa138101c0:   d8 01 9c 00 b0 01 9c 00 00 00 00 00 00 00 00 00
0x00007ffa138101d0:   00 00 00 00 00 00 00 00 00 00 00 00 00 00 00 00
0x00007ffa138101e0:   03 00 00 00 f0 01 9c 00 00 00 00 00 00 00 00 00
0x00007ffa138101f0:   10 02 9c 00 f0 80 9b 00 48 81 9b 00 00 00 00 00 


Stack slot to memory mapping:
stack at sp + 0 slots: 0x00007ffa1350e862 jvm.dll
stack at sp + 1 slots: 0x0000018778114290 points into unknown readable memory: 0x0000018778114388 | 88 43 11 78 87 01 00 00
stack at sp + 2 slots: 0x00007ffa1350d888 jvm.dll
stack at sp + 3 slots: 0x0 is NULL
stack at sp + 4 slots: 0x0000000000001930 is an unknown value
stack at sp + 5 slots: 0x0000018700bc7a18 points into unknown readable memory: 0x00007ffa13735790 | 90 57 73 13 fa 7f 00 00
stack at sp + 6 slots: 0x0 is NULL
stack at sp + 7 slots: 0x0 is NULL


---------------  P R O C E S S  ---------------

Threads class SMR info:
_java_thread_list=0x0000018778ae4980, length=24, elements={
0x0000018773e27c40, 0x0000018773e290b0, 0x0000018773e427e0, 0x0000018773e43180,
0x0000018773e45b30, 0x0000018773e48870, 0x0000018773e4b3e0, 0x0000018773e54d90,
0x0000018773e661a0, 0x00000187780a5270, 0x00000187780b17b0, 0x00000187784a1850,
0x00000187784a2120, 0x00000187784a25e0, 0x0000018778566050, 0x00000187518fc460,
0x0000018778800050, 0x00000187788009f0, 0x0000018700692ba0, 0x0000018700693a10,
0x0000018700698be0, 0x0000018700695220, 0x00000187006978a0, 0x0000018700694d50
}

Java Threads: ( => current thread )
  0x0000018773e27c40 JavaThread "Reference Handler" daemon [_thread_blocked, id=27616, stack(0x000000663df00000,0x000000663e000000)]
  0x0000018773e290b0 JavaThread "Finalizer" daemon [_thread_blocked, id=14860, stack(0x000000663e000000,0x000000663e100000)]
  0x0000018773e427e0 JavaThread "Signal Dispatcher" daemon [_thread_blocked, id=15176, stack(0x000000663e100000,0x000000663e200000)]
  0x0000018773e43180 JavaThread "Attach Listener" daemon [_thread_blocked, id=18496, stack(0x000000663e200000,0x000000663e300000)]
  0x0000018773e45b30 JavaThread "Service Thread" daemon [_thread_blocked, id=2664, stack(0x000000663e300000,0x000000663e400000)]
  0x0000018773e48870 JavaThread "Monitor Deflation Thread" daemon [_thread_blocked, id=20724, stack(0x000000663e400000,0x000000663e500000)]
=>0x0000018773e4b3e0 JavaThread "C2 CompilerThread0" daemon [_thread_in_native, id=18380, stack(0x000000663e500000,0x000000663e600000)]
  0x0000018773e54d90 JavaThread "C1 CompilerThread0" daemon [_thread_blocked, id=2332, stack(0x000000663e600000,0x000000663e700000)]
  0x0000018773e661a0 JavaThread "Sweeper thread" daemon [_thread_blocked, id=10496, stack(0x000000663e700000,0x000000663e800000)]
  0x00000187780a5270 JavaThread "Notification Thread" daemon [_thread_blocked, id=20348, stack(0x000000663e800000,0x000000663e900000)]
  0x00000187780b17b0 JavaThread "Common-Cleaner" daemon [_thread_blocked, id=25816, stack(0x000000663ea00000,0x000000663eb00000)]
  0x00000187784a1850 JavaThread "Java2D Disposer" daemon [_thread_blocked, id=11340, stack(0x000000663eb00000,0x000000663ec00000)]
  0x00000187784a2120 JavaThread "AWT-Shutdown" [_thread_blocked, id=26200, stack(0x000000663ec00000,0x000000663ed00000)]
  0x00000187784a25e0 JavaThread "AWT-Windows" daemon [_thread_in_native, id=24216, stack(0x000000663ed00000,0x000000663ee00000)]
  0x0000018778566050 JavaThread "Forwarding getCurrentUrl on session 00d9e051ccc7e8994bcdbbc4ee0869a3 to remote" [_thread_in_native, id=26084, stack(0x000000663ee00000,0x000000663ef00000)]
  0x00000187518fc460 JavaThread "DestroyJavaVM" [_thread_blocked, id=7488, stack(0x000000663d800000,0x000000663d900000)]
  0x0000018778800050 JavaThread "TimerQueue" daemon [_thread_blocked, id=12956, stack(0x000000663f100000,0x000000663f200000)]
  0x00000187788009f0 JavaThread "D3D Screen Updater" daemon [_thread_blocked, id=7820, stack(0x000000663fa00000,0x000000663fb00000)]
  0x0000018700692ba0 JavaThread "Exec Default Executor" daemon [_thread_in_native, id=25760, stack(0x000000663fb00000,0x000000663fc00000)]
  0x0000018700693a10 JavaThread "UrlChecker-2" daemon [_thread_blocked, id=24908, stack(0x000000663fc00000,0x000000663fd00000)]
  0x0000018700698be0 JavaThread "Exec Stream Pumper" daemon [_thread_in_native, id=23756, stack(0x000000663fe00000,0x000000663ff00000)]
  0x0000018700695220 JavaThread "Exec Stream Pumper" daemon [_thread_in_native, id=1840, stack(0x000000663ff00000,0x0000006640000000)]
  0x00000187006978a0 JavaThread "OkHttp ConnectionPool" daemon [_thread_blocked, id=27096, stack(0x0000006640100000,0x0000006640200000)]
  0x0000018700694d50 JavaThread "Okio Watchdog" daemon [_thread_blocked, id=24560, stack(0x0000006640200000,0x0000006640300000)]

Other Threads:
  0x0000018773e25020 VMThread "VM Thread" [stack: 0x000000663de00000,0x000000663df00000] [id=13316]
  0x00000187780adb60 WatcherThread "VM Periodic Task Thread" [stack: 0x000000663e900000,0x000000663ea00000] [id=25032]
  0x0000018751969100 WorkerThread "GC Thread#0" [stack: 0x000000663d900000,0x000000663da00000] [id=5832]
  0x00000187788f6940 WorkerThread "GC Thread#1" [stack: 0x000000663f200000,0x000000663f300000] [id=4316]
  0x00000187788f73c0 WorkerThread "GC Thread#2" [stack: 0x000000663f300000,0x000000663f400000] [id=26952]
  0x00000187788f7120 WorkerThread "GC Thread#3" [stack: 0x000000663f400000,0x000000663f500000] [id=27484]
  0x0000018751979f30 ConcurrentGCThread "G1 Main Marker" [stack: 0x000000663da00000,0x000000663db00000] [id=17456]
  0x000001875197b0c0 WorkerThread "G1 Conc#0" [stack: 0x000000663db00000,0x000000663dc00000] [id=26804]
  0x00000187519b9ca0 ConcurrentGCThread "G1 Refine#0" [stack: 0x000000663dc00000,0x000000663dd00000] [id=15492]
  0x000001877897a350 ConcurrentGCThread "G1 Refine#1" [stack: 0x000000663f500000,0x000000663f600000] [id=6828]
  0x00000187519ba5b0 ConcurrentGCThread "G1 Service" [stack: 0x000000663dd00000,0x000000663de00000] [id=17216]

Threads with active compile tasks:
C2 CompilerThread0    26054 4336       4       com.google.common.net.MediaType::create (172 bytes)

VM state: not at safepoint (normal execution)

VM Mutex/Monitor currently owned by a thread: None

Heap address: 0x0000000701000000, size: 4080 MB, Compressed Oops mode: Zero based, Oop shift amount: 3

CDS archive(s) mapped at: [0x0000000800000000-0x0000000800ba0000-0x0000000800ba0000), size 12189696, SharedBaseAddress: 0x0000000800000000, ArchiveRelocationMode: 0.
Compressed class space mapped at: 0x0000000800c00000-0x0000000840c00000, reserved size: 1073741824
Narrow klass base: 0x0000000800000000, Narrow klass shift: 0, Narrow klass range: 0x100000000

GC Precious Log:
 CardTable entry size: 512
 Card Set container configuration: InlinePtr #cards 4 size 8 Array Of Cards #cards 16 size 48 Howl #buckets 8 coarsen threshold 3686 Howl Bitmap #cards 512 size 80 coarsen threshold 460 Card regions per heap region 1 cards per card region 4096
 CPUs: 4 total, 4 available
 Memory: 16318M
 Large Page Support: Disabled
 NUMA Support: Disabled
 Compressed Oops: Enabled (Zero based)
 Heap Region Size: 2M
 Heap Min Capacity: 8M
 Heap Initial Capacity: 256M
 Heap Max Capacity: 4080M
 Pre-touch: Disabled
 Parallel Workers: 4
 Concurrent Workers: 1
 Concurrent Refinement Workers: 4
 Periodic GC: Disabled

Heap:
 garbage-first heap   total 53248K, used 20583K [0x0000000701000000, 0x0000000800000000)
  region size 2048K, 7 young (14336K), 1 survivors (2048K)
 Metaspace       used 22058K, committed 22272K, reserved 1114112K
  class space    used 2465K, committed 2560K, reserved 1048576K

Heap Regions: E=young(eden), S=young(survivor), O=old, HS=humongous(starts), HC=humongous(continues), CS=collection set, F=free, OA=open archive, CA=closed archive, TAMS=top-at-mark-start (previous, next)
|   0|0x0000000701000000, 0x0000000701200000, 0x0000000701200000|100%| O|  |TAMS 0x0000000701200000, 0x0000000701000000| Untracked 
|   1|0x0000000701200000, 0x0000000701400000, 0x0000000701400000|100%| O|  |TAMS 0x0000000701400000, 0x0000000701200000| Untracked 
|   2|0x0000000701400000, 0x0000000701600000, 0x0000000701600000|100%| O|  |TAMS 0x0000000701572400, 0x0000000701400000| Untracked 
|   3|0x0000000701600000, 0x0000000701611000, 0x0000000701800000|  3%| O|  |TAMS 0x0000000701600000, 0x0000000701600000| Untracked 
|   4|0x0000000701800000, 0x0000000701a00000, 0x0000000701a00000|100%| O|  |TAMS 0x0000000701800000, 0x0000000701800000| Untracked 
|   5|0x0000000701a00000, 0x0000000701c00000, 0x0000000701c00000|100%| O|  |TAMS 0x0000000701a00000, 0x0000000701a00000| Untracked 
|   6|0x0000000701c00000, 0x0000000701c00000, 0x0000000701e00000|  0%| F|  |TAMS 0x0000000701c00000, 0x0000000701c00000| Untracked 
|   7|0x0000000701e00000, 0x0000000701e00000, 0x0000000702000000|  0%| F|  |TAMS 0x0000000701e00000, 0x0000000701e00000| Untracked 
|   8|0x0000000702000000, 0x0000000702000000, 0x0000000702200000|  0%| F|  |TAMS 0x0000000702000000, 0x0000000702000000| Untracked 
|   9|0x0000000702200000, 0x0000000702200000, 0x0000000702400000|  0%| F|  |TAMS 0x0000000702200000, 0x0000000702200000| Untracked 
|  10|0x0000000702400000, 0x0000000702408f28, 0x0000000702600000|  1%| S|CS|TAMS 0x0000000702400000, 0x0000000702400000| Complete 
|  11|0x0000000702600000, 0x0000000702600000, 0x0000000702800000|  0%| F|  |TAMS 0x0000000702600000, 0x0000000702600000| Untracked 
|  12|0x0000000702800000, 0x0000000702800000, 0x0000000702a00000|  0%| F|  |TAMS 0x0000000702800000, 0x0000000702800000| Untracked 
|  13|0x0000000702a00000, 0x0000000702a00000, 0x0000000702c00000|  0%| F|  |TAMS 0x0000000702a00000, 0x0000000702a00000| Untracked 
|  14|0x0000000702c00000, 0x0000000702c00000, 0x0000000702e00000|  0%| F|  |TAMS 0x0000000702c00000, 0x0000000702c00000| Untracked 
|  15|0x0000000702e00000, 0x0000000702e00000, 0x0000000703000000|  0%| F|  |TAMS 0x0000000702e00000, 0x0000000702e00000| Untracked 
|  16|0x0000000703000000, 0x0000000703000000, 0x0000000703200000|  0%| F|  |TAMS 0x0000000703000000, 0x0000000703000000| Untracked 
|  17|0x0000000703200000, 0x0000000703200000, 0x0000000703400000|  0%| F|  |TAMS 0x0000000703200000, 0x0000000703200000| Untracked 
|  18|0x0000000703400000, 0x0000000703400000, 0x0000000703600000|  0%| F|  |TAMS 0x0000000703400000, 0x0000000703400000| Untracked 
|  19|0x0000000703600000, 0x0000000703600000, 0x0000000703800000|  0%| F|  |TAMS 0x0000000703600000, 0x0000000703600000| Untracked 
|  20|0x0000000703800000, 0x00000007039adba8, 0x0000000703a00000| 83%| E|  |TAMS 0x0000000703800000, 0x0000000703800000| Complete 
|  21|0x0000000703a00000, 0x0000000703c00000, 0x0000000703c00000|100%| E|CS|TAMS 0x0000000703a00000, 0x0000000703a00000| Complete 
|  22|0x0000000703c00000, 0x0000000703e00000, 0x0000000703e00000|100%| E|CS|TAMS 0x0000000703c00000, 0x0000000703c00000| Complete 
| 119|0x000000070fe00000, 0x0000000710000000, 0x0000000710000000|100%| E|CS|TAMS 0x000000070fe00000, 0x000000070fe00000| Complete 
| 120|0x0000000710000000, 0x0000000710200000, 0x0000000710200000|100%| E|CS|TAMS 0x0000000710000000, 0x0000000710000000| Complete 
| 127|0x0000000710e00000, 0x0000000711000000, 0x0000000711000000|100%| E|CS|TAMS 0x0000000710e00000, 0x0000000710e00000| Complete 

Card table byte_map: [0x0000018768a30000,0x0000018769230000] _byte_map_base: 0x0000018765228000

Marking Bits (Prev, Next): (CMBitMap*) 0x0000018751969740, (CMBitMap*) 0x0000018751969700
 Prev Bits: [0x000001876d9f0000, 0x00000187719b0000)
 Next Bits: [0x0000018769a30000, 0x000001876d9f0000)

Polling page: 0x00000187510c0000

Metaspace:

Usage:
  Non-class:     19.13 MB used.
      Class:      2.41 MB used.
       Both:     21.54 MB used.

Virtual space:
  Non-class space:       64.00 MB reserved,      19.25 MB ( 30%) committed,  1 nodes.
      Class space:        1.00 GB reserved,       2.50 MB ( <1%) committed,  1 nodes.
             Both:        1.06 GB reserved,      21.75 MB (  2%) committed. 

Chunk freelists:
   Non-Class:  672.00 KB
       Class:  1.35 MB
        Both:  2.01 MB

MaxMetaspaceSize: unlimited
CompressedClassSpaceSize: 1.00 GB
Initial GC threshold: 21.00 MB
Current GC threshold: 35.12 MB
CDS: on
MetaspaceReclaimPolicy: balanced
 - commit_granule_bytes: 65536.
 - commit_granule_words: 8192.
 - virtual_space_node_default_size: 8388608.
 - enlarge_chunks_in_place: 1.
 - new_chunks_are_fully_committed: 0.
 - uncommit_free_chunks: 1.
 - use_allocation_guard: 0.


Internal statistics:

num_allocs_failed_limit: 3.
num_arena_births: 192.
num_arena_deaths: 0.
num_vsnodes_births: 2.
num_vsnodes_deaths: 0.
num_space_committed: 348.
num_space_uncommitted: 0.
num_chunks_returned_to_freelist: 3.
num_chunks_taken_from_freelist: 474.
num_chunk_merges: 0.
num_chunk_splits: 296.
num_chunks_enlarged: 201.
num_inconsistent_stats: 0.

CodeHeap 'non-profiled nmethods': size=120000Kb used=2376Kb max_used=2376Kb free=117624Kb
 bounds [0x0000018760d00000, 0x0000018760f70000, 0x0000018768230000]
CodeHeap 'profiled nmethods': size=120000Kb used=8911Kb max_used=8911Kb free=111088Kb
 bounds [0x00000187597d0000, 0x000001875a090000, 0x0000018760d00000]
CodeHeap 'non-nmethods': size=5760Kb used=1394Kb max_used=1437Kb free=4365Kb
 bounds [0x0000018759230000, 0x00000187594a0000, 0x00000187597d0000]
 total_blobs=5081 nmethods=4335 adapters=658
 compilation: enabled
              stopped_count=0, restarted_count=0
 full_count=0

Compilation events (20 events):
Event: 25.292 Thread 0x0000018773e4b3e0 nmethod 4326 0x0000018760f45e90 code [0x0000018760f46020, 0x0000018760f461f8]
Event: 25.292 Thread 0x0000018773e4b3e0 4327       4       com.google.common.collect.ImmutableMultimap::entries (5 bytes)
Event: 25.293 Thread 0x0000018773e4b3e0 nmethod 4327 0x0000018760f46310 code [0x0000018760f464a0, 0x0000018760f46678]
Event: 25.553 Thread 0x0000018773e4b3e0 4328   !   4       okhttp3.RealCall::execute (119 bytes)
Event: 25.680 Thread 0x0000018773e4b3e0 nmethod 4328 0x0000018760f46790 code [0x0000018760f46b00, 0x0000018760f4bbb0]
Event: 25.680 Thread 0x0000018773e4b3e0 4329       4       okhttp3.ConnectionPool::get (79 bytes)
Event: 25.699 Thread 0x0000018773e4b3e0 nmethod 4329 0x0000018760f4d990 code [0x0000018760f4db80, 0x0000018760f4ef08]
Event: 25.699 Thread 0x0000018773e4b3e0 4330   !   4       okhttp3.internal.connection.RealConnection::isEligible (196 bytes)
Event: 25.702 Thread 0x0000018773e4b3e0 nmethod 4330 0x0000018760f4fc10 code [0x0000018760f4fdc0, 0x0000018760f501c8]
Event: 25.945 Thread 0x0000018773e4b3e0 4331       4       okhttp3.OkHttpClient::internalCache (22 bytes)
Event: 25.945 Thread 0x0000018773e4b3e0 nmethod 4331 0x0000018760f50510 code [0x0000018760f50680, 0x0000018760f50718]
Event: 25.945 Thread 0x0000018773e4b3e0 4332       4       okhttp3.internal.cache.CacheInterceptor::<init> (10 bytes)
Event: 25.946 Thread 0x0000018773e4b3e0 nmethod 4332 0x0000018760f50810 code [0x0000018760f50980, 0x0000018760f50ab8]
Event: 25.951 Thread 0x0000018773e4b3e0 4333       4       okhttp3.HttpUrl$Builder::slashCount (39 bytes)
Event: 25.953 Thread 0x0000018773e4b3e0 nmethod 4333 0x0000018760f50b10 code [0x0000018760f50ca0, 0x0000018760f50ec8]
Event: 25.953 Thread 0x0000018773e4b3e0 4335       4       java.net.Socket$SocketOutputStream::write (11 bytes)
Event: 25.954 Thread 0x0000018773e4b3e0 nmethod 4335 0x0000018760f51110 code [0x0000018760f512a0, 0x0000018760f51388]
Event: 25.954 Thread 0x0000018773e4b3e0 4334   !   4       okhttp3.HttpUrl$Builder::parsePort (40 bytes)
Event: 25.958 Thread 0x0000018773e4b3e0 nmethod 4334 0x0000018760f51490 code [0x0000018760f51660, 0x0000018760f51a88]
Event: 25.958 Thread 0x0000018773e4b3e0 4336       4       com.google.common.net.MediaType::create (172 bytes)

GC Heap History (20 events):
Event: 16.594 GC heap before
{Heap before GC invocations=14 (full 0):
 garbage-first heap   total 53248K, used 39002K [0x0000000701000000, 0x0000000800000000)
  region size 2048K, 15 young (30720K), 1 survivors (2048K)
 Metaspace       used 22056K, committed 22272K, reserved 1114112K
  class space    used 2464K, committed 2560K, reserved 1048576K
}
Event: 16.595 GC heap after
{Heap after GC invocations=15 (full 0):
 garbage-first heap   total 53248K, used 10300K [0x0000000701000000, 0x0000000800000000)
  region size 2048K, 1 young (2048K), 1 survivors (2048K)
 Metaspace       used 22056K, committed 22272K, reserved 1114112K
  class space    used 2464K, committed 2560K, reserved 1048576K
}
Event: 17.501 GC heap before
{Heap before GC invocations=15 (full 0):
 garbage-first heap   total 53248K, used 38972K [0x0000000701000000, 0x0000000800000000)
  region size 2048K, 15 young (30720K), 1 survivors (2048K)
 Metaspace       used 22056K, committed 22272K, reserved 1114112K
  class space    used 2464K, committed 2560K, reserved 1048576K
}
Event: 17.502 GC heap after
{Heap after GC invocations=16 (full 0):
 garbage-first heap   total 53248K, used 10332K [0x0000000701000000, 0x0000000800000000)
  region size 2048K, 1 young (2048K), 1 survivors (2048K)
 Metaspace       used 22056K, committed 22272K, reserved 1114112K
  class space    used 2464K, committed 2560K, reserved 1048576K
}
Event: 18.311 GC heap before
{Heap before GC invocations=16 (full 0):
 garbage-first heap   total 53248K, used 39004K [0x0000000701000000, 0x0000000800000000)
  region size 2048K, 15 young (30720K), 1 survivors (2048K)
 Metaspace       used 22056K, committed 22272K, reserved 1114112K
  class space    used 2464K, committed 2560K, reserved 1048576K
}
Event: 18.313 GC heap after
{Heap after GC invocations=17 (full 0):
 garbage-first heap   total 53248K, used 10322K [0x0000000701000000, 0x0000000800000000)
  region size 2048K, 1 young (2048K), 1 survivors (2048K)
 Metaspace       used 22056K, committed 22272K, reserved 1114112K
  class space    used 2464K, committed 2560K, reserved 1048576K
}
Event: 19.327 GC heap before
{Heap before GC invocations=17 (full 0):
 garbage-first heap   total 53248K, used 38994K [0x0000000701000000, 0x0000000800000000)
  region size 2048K, 15 young (30720K), 1 survivors (2048K)
 Metaspace       used 22056K, committed 22272K, reserved 1114112K
  class space    used 2464K, committed 2560K, reserved 1048576K
}
Event: 19.329 GC heap after
{Heap after GC invocations=18 (full 0):
 garbage-first heap   total 53248K, used 10334K [0x0000000701000000, 0x0000000800000000)
  region size 2048K, 1 young (2048K), 1 survivors (2048K)
 Metaspace       used 22056K, committed 22272K, reserved 1114112K
  class space    used 2464K, committed 2560K, reserved 1048576K
}
Event: 20.406 GC heap before
{Heap before GC invocations=18 (full 0):
 garbage-first heap   total 53248K, used 39006K [0x0000000701000000, 0x0000000800000000)
  region size 2048K, 15 young (30720K), 1 survivors (2048K)
 Metaspace       used 22056K, committed 22272K, reserved 1114112K
  class space    used 2464K, committed 2560K, reserved 1048576K
}
Event: 20.408 GC heap after
{Heap after GC invocations=19 (full 0):
 garbage-first heap   total 53248K, used 10328K [0x0000000701000000, 0x0000000800000000)
  region size 2048K, 1 young (2048K), 1 survivors (2048K)
 Metaspace       used 22056K, committed 22272K, reserved 1114112K
  class space    used 2464K, committed 2560K, reserved 1048576K
}
Event: 21.380 GC heap before
{Heap before GC invocations=19 (full 0):
 garbage-first heap   total 53248K, used 39000K [0x0000000701000000, 0x0000000800000000)
  region size 2048K, 15 young (30720K), 1 survivors (2048K)
 Metaspace       used 22056K, committed 22272K, reserved 1114112K
  class space    used 2464K, committed 2560K, reserved 1048576K
}
Event: 21.381 GC heap after
{Heap after GC invocations=20 (full 0):
 garbage-first heap   total 53248K, used 10363K [0x0000000701000000, 0x0000000800000000)
  region size 2048K, 1 young (2048K), 1 survivors (2048K)
 Metaspace       used 22056K, committed 22272K, reserved 1114112K
  class space    used 2464K, committed 2560K, reserved 1048576K
}
Event: 22.437 GC heap before
{Heap before GC invocations=20 (full 0):
 garbage-first heap   total 53248K, used 39035K [0x0000000701000000, 0x0000000800000000)
  region size 2048K, 15 young (30720K), 1 survivors (2048K)
 Metaspace       used 22056K, committed 22272K, reserved 1114112K
  class space    used 2464K, committed 2560K, reserved 1048576K
}
Event: 22.439 GC heap after
{Heap after GC invocations=21 (full 0):
 garbage-first heap   total 53248K, used 10346K [0x0000000701000000, 0x0000000800000000)
  region size 2048K, 1 young (2048K), 1 survivors (2048K)
 Metaspace       used 22056K, committed 22272K, reserved 1114112K
  class space    used 2464K, committed 2560K, reserved 1048576K
}
Event: 23.530 GC heap before
{Heap before GC invocations=21 (full 0):
 garbage-first heap   total 53248K, used 39018K [0x0000000701000000, 0x0000000800000000)
  region size 2048K, 15 young (30720K), 1 survivors (2048K)
 Metaspace       used 22056K, committed 22272K, reserved 1114112K
  class space    used 2464K, committed 2560K, reserved 1048576K
}
Event: 23.531 GC heap after
{Heap after GC invocations=22 (full 0):
 garbage-first heap   total 53248K, used 10336K [0x0000000701000000, 0x0000000800000000)
  region size 2048K, 1 young (2048K), 1 survivors (2048K)
 Metaspace       used 22056K, committed 22272K, reserved 1114112K
  class space    used 2464K, committed 2560K, reserved 1048576K
}
Event: 24.559 GC heap before
{Heap before GC invocations=22 (full 0):
 garbage-first heap   total 53248K, used 39008K [0x0000000701000000, 0x0000000800000000)
  region size 2048K, 15 young (30720K), 1 survivors (2048K)
 Metaspace       used 22056K, committed 22272K, reserved 1114112K
  class space    used 2464K, committed 2560K, reserved 1048576K
}
Event: 24.560 GC heap after
{Heap after GC invocations=23 (full 0):
 garbage-first heap   total 53248K, used 10344K [0x0000000701000000, 0x0000000800000000)
  region size 2048K, 1 young (2048K), 1 survivors (2048K)
 Metaspace       used 22056K, committed 22272K, reserved 1114112K
  class space    used 2464K, committed 2560K, reserved 1048576K
}
Event: 25.646 GC heap before
{Heap before GC invocations=23 (full 0):
 garbage-first heap   total 53248K, used 39016K [0x0000000701000000, 0x0000000800000000)
  region size 2048K, 15 young (30720K), 1 survivors (2048K)
 Metaspace       used 22057K, committed 22272K, reserved 1114112K
  class space    used 2464K, committed 2560K, reserved 1048576K
}
Event: 25.646 GC heap after
{Heap after GC invocations=24 (full 0):
 garbage-first heap   total 53248K, used 10343K [0x0000000701000000, 0x0000000800000000)
  region size 2048K, 1 young (2048K), 1 survivors (2048K)
 Metaspace       used 22057K, committed 22272K, reserved 1114112K
  class space    used 2464K, committed 2560K, reserved 1048576K
}

Deoptimization events (20 events):
Event: 8.817 Thread 0x0000018778566050 DEOPT PACKING pc=0x0000018760e378c0 sp=0x000000663eefcc40
Event: 8.817 Thread 0x0000018778566050 DEOPT UNPACKING pc=0x00000187592823a3 sp=0x000000663eefcbe0 mode 2
Event: 8.869 Thread 0x00000187788009f0 Uncommon trap: trap_request=0xffffffdc fr.pc=0x0000018760e3afc0 relative=0x00000000000002a0
Event: 8.869 Thread 0x00000187788009f0 Uncommon trap: reason=class_check action=make_not_entrant pc=0x0000018760e3afc0 method=java.util.ArrayList.toArray([Ljava/lang/Object;)[Ljava/lang/Object; @ 21 c2
Event: 8.869 Thread 0x00000187788009f0 DEOPT PACKING pc=0x0000018760e3afc0 sp=0x000000663faff430
Event: 8.869 Thread 0x00000187788009f0 DEOPT UNPACKING pc=0x00000187592823a3 sp=0x000000663faff400 mode 2
Event: 9.611 Thread 0x0000018778566050 DEOPT PACKING pc=0x0000018759f4b176 sp=0x000000663eefd9c0
Event: 9.611 Thread 0x0000018778566050 DEOPT UNPACKING pc=0x0000018759282b43 sp=0x000000663eefce78 mode 0
Event: 10.037 Thread 0x0000018778566050 DEOPT PACKING pc=0x0000018759f358f1 sp=0x000000663eefdab0
Event: 10.037 Thread 0x0000018778566050 DEOPT UNPACKING pc=0x0000018759282b43 sp=0x000000663eefcf68 mode 0
Event: 10.972 Thread 0x0000018778566050 DEOPT PACKING pc=0x000001875a00d74e sp=0x000000663eefda00
Event: 10.972 Thread 0x0000018778566050 DEOPT UNPACKING pc=0x0000018759282b43 sp=0x000000663eefcea8 mode 0
Event: 23.930 Thread 0x0000018778566050 Uncommon trap: trap_request=0xffffff5c fr.pc=0x0000018760f2869c relative=0x000000000000151c
Event: 23.930 Thread 0x0000018778566050 Uncommon trap: reason=speculate_null_check action=make_not_entrant pc=0x0000018760f2869c method=sun.net.spi.DefaultProxySelector.select(Ljava/net/URI;)Ljava/util/List; @ 240 c2
Event: 23.930 Thread 0x0000018778566050 DEOPT PACKING pc=0x0000018760f2869c sp=0x000000663eefd700
Event: 23.930 Thread 0x0000018778566050 DEOPT UNPACKING pc=0x00000187592823a3 sp=0x000000663eefd5e0 mode 2
Event: 24.825 Thread 0x0000018778566050 Uncommon trap: trap_request=0xffffff5c fr.pc=0x0000018760f39964 relative=0x00000000000008a4
Event: 24.825 Thread 0x0000018778566050 Uncommon trap: reason=speculate_null_check action=make_not_entrant pc=0x0000018760f39964 method=sun.net.spi.DefaultProxySelector.select(Ljava/net/URI;)Ljava/util/List; @ 240 c2
Event: 24.825 Thread 0x0000018778566050 DEOPT PACKING pc=0x0000018760f39964 sp=0x000000663eefd5a0
Event: 24.825 Thread 0x0000018778566050 DEOPT UNPACKING pc=0x00000187592823a3 sp=0x000000663eefd568 mode 2

Classes loaded (20 events):
Event: 6.335 Loading class java/lang/StackStreamFactory$FrameBuffer done
Event: 6.335 Loading class java/lang/StackStreamFactory$StackFrameTraverser$StackFrameBuffer done
Event: 6.336 Loading class java/util/logging/Level$RbAccess
Event: 6.336 Loading class java/util/logging/Level$RbAccess done
Event: 6.336 Loading class sun/util/logging/resources/logging
Event: 6.336 Loading class sun/util/logging/resources/logging done
Event: 6.336 Loading class sun/util/logging/resources/logging_es
Event: 6.336 Loading class sun/util/logging/resources/logging_es done
Event: 6.336 Loading class sun/util/logging/resources/logging_es
Event: 6.336 Loading class sun/util/logging/resources/logging_es done
Event: 6.336 Loading class sun/util/logging/resources/logging_es_MX
Event: 6.336 Loading class sun/util/logging/resources/logging_es_MX done
Event: 6.336 Loading class sun/util/logging/resources/logging_es_MX
Event: 6.336 Loading class sun/util/logging/resources/logging_es_MX done
Event: 6.337 Loading class java/util/Formatter$DateTime
Event: 6.337 Loading class java/util/Formatter$DateTime done
Event: 6.337 Loading class java/time/ZonedDateTime$1
Event: 6.337 Loading class java/time/ZonedDateTime$1 done
Event: 6.351 Loading class java/util/UUID$Holder
Event: 6.351 Loading class java/util/UUID$Holder done

Classes unloaded (0 events):
No events

Classes redefined (0 events):
No events

Internal exceptions (20 events):
Event: 5.211 Thread 0x0000018700693a10 Exception <a 'java/net/SocketException'{0x000000070fd6e7b8}: Socket is not connected: shutdown> (0x000000070fd6e7b8) 
thrown [s\open\src\hotspot\share\prims\jni.cpp, line 535]
Event: 5.242 Thread 0x0000018700693a10 Exception <a 'java/net/ConnectException'{0x000000070fd6f750}: Connection refused: no further information> (0x000000070fd6f750) 
thrown [s\open\src\hotspot\share\prims\jni.cpp, line 535]
Event: 5.242 Thread 0x0000018700693a10 Exception <a 'java/net/SocketException'{0x000000070fd6fa88}: Socket is not connected: shutdown> (0x000000070fd6fa88) 
thrown [s\open\src\hotspot\share\prims\jni.cpp, line 535]
Event: 5.310 Thread 0x0000018778566050 Exception <a 'java/lang/NoSuchMethodError'{0x0000000710e37be8}: 'int java.lang.invoke.DirectMethodHandle$Holder.invokeStaticInit(java.lang.Object, java.lang.Object)'> (0x0000000710e37be8) 
thrown [s\open\src\hotspot\share\interpreter\linkResolver.cpp, line 766]
Event: 5.310 Thread 0x0000018778566050 Exception <a 'java/lang/NoSuchMethodError'{0x0000000710e3e458}: 'java.lang.Object java.lang.invoke.DirectMethodHandle$Holder.invokeInterface(java.lang.Object, java.lang.Object, java.lang.Object)'> (0x0000000710e3e458) 
thrown [s\open\src\hotspot\share\interpreter\linkResolver.cpp, line 766]
Event: 5.310 Thread 0x0000018778566050 Exception <a 'java/lang/IncompatibleClassChangeError'{0x0000000710e42120}: Found class java.lang.Object, but interface was expected> (0x0000000710e42120) 
thrown [s\open\src\hotspot\share\interpreter\linkResolver.cpp, line 833]
Event: 5.312 Thread 0x0000018778566050 Exception <a 'java/lang/NoSuchMethodError'{0x0000000710e8d6e0}: 'java.lang.Object java.lang.invoke.DirectMethodHandle$Holder.invokeInterface(java.lang.Object, java.lang.Object, java.lang.Object, java.lang.Object)'> (0x0000000710e8d6e0) 
thrown [s\open\src\hotspot\share\interpreter\linkResolver.cpp, line 766]
Event: 5.315 Thread 0x0000018778566050 Exception <a 'java/lang/NoSuchMethodError'{0x0000000710eb4430}: 'java.lang.Object java.lang.invoke.DirectMethodHandle$Holder.invokeVirtual(java.lang.Object, java.lang.Object, java.lang.Object)'> (0x0000000710eb4430) 
thrown [s\open\src\hotspot\share\interpreter\linkResolver.cpp, line 766]
Event: 5.325 Thread 0x0000018778566050 Exception <a 'java/lang/NoSuchMethodError'{0x0000000710f2f960}: 'void java.lang.invoke.DirectMethodHandle$Holder.invokeInterface(java.lang.Object, java.lang.Object, java.lang.Object)'> (0x0000000710f2f960) 
thrown [s\open\src\hotspot\share\interpreter\linkResolver.cpp, line 766]
Event: 5.337 Thread 0x0000018778566050 Exception <a 'java/lang/NoSuchMethodError'{0x0000000710f92db0}: 'int java.lang.invoke.DirectMethodHandle$Holder.invokeVirtual(java.lang.Object, java.lang.Object)'> (0x0000000710f92db0) 
thrown [s\open\src\hotspot\share\interpreter\linkResolver.cpp, line 766]
Event: 5.338 Thread 0x0000018778566050 Exception <a 'java/lang/NoSuchMethodError'{0x0000000710f998b0}: 'double java.lang.invoke.DirectMethodHandle$Holder.invokeVirtual(java.lang.Object, java.lang.Object)'> (0x0000000710f998b0) 
thrown [s\open\src\hotspot\share\interpreter\linkResolver.cpp, line 766]
Event: 5.339 Thread 0x0000018778566050 Exception <a 'java/lang/NoSuchMethodError'{0x0000000710fa0618}: 'float java.lang.invoke.DirectMethodHandle$Holder.invokeVirtual(java.lang.Object, java.lang.Object)'> (0x0000000710fa0618) 
thrown [s\open\src\hotspot\share\interpreter\linkResolver.cpp, line 766]
Event: 5.339 Thread 0x0000018778566050 Exception <a 'java/lang/NoSuchMethodError'{0x0000000710fa9b20}: 'long java.lang.invoke.DirectMethodHandle$Holder.invokeVirtual(java.lang.Object, java.lang.Object)'> (0x0000000710fa9b20) 
thrown [s\open\src\hotspot\share\interpreter\linkResolver.cpp, line 766]
Event: 5.344 Thread 0x0000018778566050 Exception <a 'java/lang/NoSuchMethodError'{0x0000000710fd43c0}: 'void java.lang.invoke.DirectMethodHandle$Holder.invokeStatic(java.lang.Object, java.lang.Object, java.lang.Object)'> (0x0000000710fd43c0) 
thrown [s\open\src\hotspot\share\interpreter\linkResolver.cpp, line 766]
Event: 5.369 Thread 0x0000018778566050 Exception <a 'java/lang/NoSuchMethodError'{0x0000000710d06a08}: 'java.lang.Object java.lang.invoke.DirectMethodHandle$Holder.invokeInterface(java.lang.Object, java.lang.Object)'> (0x0000000710d06a08) 
thrown [s\open\src\hotspot\share\interpreter\linkResolver.cpp, line 766]
Event: 5.371 Thread 0x0000018778566050 Exception <a 'java/lang/NoSuchMethodError'{0x0000000710d130d8}: 'void java.lang.invoke.DirectMethodHandle$Holder.invokeSpecial(java.lang.Object, java.lang.Object, java.lang.Object, java.lang.Object, java.lang.Object)'> (0x0000000710d130d8) 
thrown [s\open\src\hotspot\share\interpreter\linkResolver.cpp, line 766]
Event: 5.412 Thread 0x0000018778566050 Exception <a 'java/lang/NoSuchMethodError'{0x0000000710b07e68}: 'java.lang.Object java.lang.invoke.Invokers$Holder.invokeExact_MT(java.lang.Object, java.lang.Object, java.lang.Object, java.lang.Object, java.lang.Object, java.lang.Object)'> (0x0000000710b07e68) 
thrown [s\open\src\hotspot\share\interpreter\linkResolver.cpp, line 766]
Event: 5.498 Thread 0x0000018778566050 Exception <a 'java/lang/NoSuchMethodError'{0x000000071073c9f0}: 'void java.lang.invoke.DirectMethodHandle$Holder.invokeStatic(java.lang.Object, java.lang.Object, java.lang.Object, java.lang.Object)'> (0x000000071073c9f0) 
thrown [s\open\src\hotspot\share\interpreter\linkResolver.cpp, line 766]
Event: 6.325 Thread 0x0000018778566050 Exception <a 'java/lang/NoSuchMethodError'{0x0000000710513370}: 'java.lang.Object java.lang.invoke.DirectMethodHandle$Holder.invokeSpecialIFC(java.lang.Object, java.lang.Object, java.lang.Object)'> (0x0000000710513370) 
thrown [s\open\src\hotspot\share\interpreter\linkResolver.cpp, line 766]
Event: 6.336 Thread 0x0000018778566050 Exception <a 'java/lang/ClassNotFoundException'{0x0000000710556530}: sun/util/logging/resources/spi/loggingProvider> (0x0000000710556530) 
thrown [s\open\src\hotspot\share\classfile\systemDictionary.cpp, line 255]

VM Operations (20 events):
Event: 20.406 Executing VM operation: G1CollectForAllocation
Event: 20.408 Executing VM operation: G1CollectForAllocation done
Event: 21.380 Executing VM operation: G1CollectForAllocation
Event: 21.381 Executing VM operation: G1CollectForAllocation done
Event: 22.382 Executing VM operation: Cleanup
Event: 22.382 Executing VM operation: Cleanup done
Event: 22.437 Executing VM operation: G1CollectForAllocation
Event: 22.439 Executing VM operation: G1CollectForAllocation done
Event: 23.453 Executing VM operation: Cleanup
Event: 23.453 Executing VM operation: Cleanup done
Event: 23.530 Executing VM operation: G1CollectForAllocation
Event: 23.531 Executing VM operation: G1CollectForAllocation done
Event: 24.542 Executing VM operation: Cleanup
Event: 24.542 Executing VM operation: Cleanup done
Event: 24.559 Executing VM operation: G1CollectForAllocation
Event: 24.560 Executing VM operation: G1CollectForAllocation done
Event: 25.560 Executing VM operation: Cleanup
Event: 25.560 Executing VM operation: Cleanup done
Event: 25.645 Executing VM operation: G1CollectForAllocation
Event: 25.646 Executing VM operation: G1CollectForAllocation done

Events (20 events):
Event: 0.698 Thread 0x0000018778800050 Thread added: 0x0000018778800050
Event: 0.962 Thread 0x0000018773e57610 Thread added: 0x0000018773e57610
Event: 1.064 Thread 0x00000187788009f0 Thread added: 0x00000187788009f0
Event: 1.622 Thread 0x0000018773e57610 Thread exited: 0x0000018773e57610
Event: 2.491 Thread 0x0000018773e55cc0 Thread added: 0x0000018773e55cc0
Event: 2.885 Thread 0x0000018773e55cc0 Thread exited: 0x0000018773e55cc0
Event: 4.938 Thread 0x0000018773e54370 Thread added: 0x0000018773e54370
Event: 4.952 Loaded shared library C:\Program Files\Java\jdk-18.0.1.1\bin\sunmscapi.dll
Event: 5.176 Loaded shared library C:\Program Files\Java\jdk-18.0.1.1\bin\verify.dll
Event: 5.187 Thread 0x0000018700692ba0 Thread added: 0x0000018700692ba0
Event: 5.194 Thread 0x0000018700693a10 Thread added: 0x0000018700693a10
Event: 5.206 Thread 0x0000018700698be0 Thread added: 0x0000018700698be0
Event: 5.206 Thread 0x0000018700695220 Thread added: 0x0000018700695220
Event: 5.292 Thread 0x0000018700698240 Thread added: 0x0000018700698240
Event: 5.305 Thread 0x0000018773e54370 Thread exited: 0x0000018773e54370
Event: 5.489 Thread 0x0000018773e54880 Thread added: 0x0000018773e54880
Event: 5.525 Thread 0x00000187006978a0 Thread added: 0x00000187006978a0
Event: 5.530 Thread 0x0000018700694d50 Thread added: 0x0000018700694d50
Event: 6.318 Thread 0x0000018773e54880 Thread exited: 0x0000018773e54880
Event: 10.299 Thread 0x0000018700698240 Thread exited: 0x0000018700698240


Dynamic libraries:
0x00007ff7232d0000 - 0x00007ff7232e0000 	C:\Program Files\Java\jdk-18.0.1.1\bin\java.exe
0x00007ffa6a770000 - 0x00007ffa6a968000 	C:\Windows\SYSTEM32\ntdll.dll
0x00007ffa69bb0000 - 0x00007ffa69c6f000 	C:\Windows\System32\KERNEL32.DLL
0x00007ffa684e0000 - 0x00007ffa687b2000 	C:\Windows\System32\KERNELBASE.dll
0x00007ffa68080000 - 0x00007ffa68180000 	C:\Windows\System32\ucrtbase.dll
0x00007ffa61cc0000 - 0x00007ffa61cd8000 	C:\Program Files\Java\jdk-18.0.1.1\bin\jli.dll
0x00007ffa632e0000 - 0x00007ffa632fa000 	C:\Program Files\Java\jdk-18.0.1.1\bin\VCRUNTIME140.dll
0x00007ffa699f0000 - 0x00007ffa69a9e000 	C:\Windows\System32\ADVAPI32.dll
0x00007ffa69b00000 - 0x00007ffa69b9e000 	C:\Windows\System32\msvcrt.dll
0x00007ffa68950000 - 0x00007ffa689ec000 	C:\Windows\System32\sechost.dll
0x00007ffa6a350000 - 0x00007ffa6a475000 	C:\Windows\System32\RPCRT4.dll
0x00007ffa6a530000 - 0x00007ffa6a6cd000 	C:\Windows\System32\USER32.dll
0x00007ffa546e0000 - 0x00007ffa5497a000 	C:\Windows\WinSxS\amd64_microsoft.windows.common-controls_6595b64144ccf1df_6.0.19041.1110_none_60b5254171f9507e\COMCTL32.dll
0x00007ffa68410000 - 0x00007ffa68432000 	C:\Windows\System32\win32u.dll
0x00007ffa6a480000 - 0x00007ffa6a4ab000 	C:\Windows\System32\GDI32.dll
0x00007ffa67e70000 - 0x00007ffa67f7f000 	C:\Windows\System32\gdi32full.dll
0x00007ffa68210000 - 0x00007ffa682ad000 	C:\Windows\System32\msvcp_win.dll
0x00007ffa612f0000 - 0x00007ffa612fa000 	C:\Windows\SYSTEM32\VERSION.dll
0x00007ffa68cb0000 - 0x00007ffa68ce2000 	C:\Windows\System32\IMM32.DLL
0x00007ffa63940000 - 0x00007ffa6394c000 	C:\Program Files\Java\jdk-18.0.1.1\bin\vcruntime140_1.dll
0x00007ffa39060000 - 0x00007ffa390ed000 	C:\Program Files\Java\jdk-18.0.1.1\bin\msvcp140.dll
0x00007ffa12e50000 - 0x00007ffa13a60000 	C:\Program Files\Java\jdk-18.0.1.1\bin\server\jvm.dll
0x00007ffa6a4b0000 - 0x00007ffa6a4b8000 	C:\Windows\System32\PSAPI.DLL
0x00007ffa63990000 - 0x00007ffa63999000 	C:\Windows\SYSTEM32\WSOCK32.dll
0x00007ffa6a4c0000 - 0x00007ffa6a52b000 	C:\Windows\System32\WS2_32.dll
0x00007ffa5e430000 - 0x00007ffa5e457000 	C:\Windows\SYSTEM32\WINMM.dll
0x00007ffa65d50000 - 0x00007ffa65d62000 	C:\Windows\SYSTEM32\kernel.appcore.dll
0x00007ffa63910000 - 0x00007ffa6391a000 	C:\Program Files\Java\jdk-18.0.1.1\bin\jimage.dll
0x00007ffa55f70000 - 0x00007ffa56154000 	C:\Windows\SYSTEM32\DBGHELP.DLL
0x00007ffa50260000 - 0x00007ffa5028c000 	C:\Windows\SYSTEM32\dbgcore.DLL
0x00007ffa68180000 - 0x00007ffa68202000 	C:\Windows\System32\bcryptPrimitives.dll
0x00007ffa61c80000 - 0x00007ffa61ca5000 	C:\Program Files\Java\jdk-18.0.1.1\bin\java.dll
0x00007ffa3d250000 - 0x00007ffa3d326000 	C:\Program Files\Java\jdk-18.0.1.1\bin\jsvml.dll
0x00007ffa692a0000 - 0x00007ffa699e3000 	C:\Windows\System32\SHELL32.dll
0x00007ffa65f50000 - 0x00007ffa666e2000 	C:\Windows\SYSTEM32\windows.storage.dll
0x00007ffa68f40000 - 0x00007ffa69294000 	C:\Windows\System32\combase.dll
0x00007ffa678d0000 - 0x00007ffa67900000 	C:\Windows\SYSTEM32\Wldp.dll
0x00007ffa689f0000 - 0x00007ffa68a9d000 	C:\Windows\System32\SHCORE.dll
0x00007ffa6a6d0000 - 0x00007ffa6a725000 	C:\Windows\System32\shlwapi.dll
0x00007ffa67db0000 - 0x00007ffa67dcf000 	C:\Windows\SYSTEM32\profapi.dll
0x00007ffa52450000 - 0x00007ffa52463000 	C:\Program Files\Java\jdk-18.0.1.1\bin\net.dll
0x00007ffa5c420000 - 0x00007ffa5c52c000 	C:\Windows\SYSTEM32\WINHTTP.dll
0x00007ffa67630000 - 0x00007ffa6769a000 	C:\Windows\system32\mswsock.dll
0x00007ffa52430000 - 0x00007ffa52446000 	C:\Program Files\Java\jdk-18.0.1.1\bin\nio.dll
0x00007ffa47270000 - 0x00007ffa47288000 	C:\Program Files\Java\jdk-18.0.1.1\bin\zip.dll
0x00007ffa12cc0000 - 0x00007ffa12e4f000 	C:\Program Files\Java\jdk-18.0.1.1\bin\awt.dll
0x00007ffa68aa0000 - 0x00007ffa68b6d000 	C:\Windows\System32\OLEAUT32.dll
0x00007ffa65690000 - 0x00007ffa65721000 	C:\Windows\SYSTEM32\apphelp.dll
0x00007ffa65860000 - 0x00007ffa658fe000 	C:\Windows\system32\uxtheme.dll
0x00007ffa69c70000 - 0x00007ffa69d85000 	C:\Windows\System32\MSCTF.dll
0x00007ffa6a220000 - 0x00007ffa6a34a000 	C:\Windows\System32\ole32.dll
0x00007ffa65a60000 - 0x00007ffa65a8f000 	C:\Windows\system32\DWMAPI.DLL
0x00007ffa38ed0000 - 0x00007ffa38f59000 	C:\Program Files\Java\jdk-18.0.1.1\bin\freetype.dll
0x00007ffa38e20000 - 0x00007ffa38ec8000 	C:\Program Files\Java\jdk-18.0.1.1\bin\fontmanager.dll
0x00007ffa24280000 - 0x00007ffa243a5000 	C:\Windows\system32\opengl32.dll
0x00007ffa24250000 - 0x00007ffa2427c000 	C:\Windows\SYSTEM32\GLU32.dll
0x00007ffa5c580000 - 0x00007ffa5c74f000 	C:\Windows\system32\d3d9.dll
0x00007ffa5f1c0000 - 0x00007ffa5f2d7000 	C:\Windows\System32\DriverStore\FileRepository\nv_dispi.inf_amd64_47917a79b8c7fd22\nvldumdx.dll
0x00007ffa67a60000 - 0x00007ffa67a72000 	C:\Windows\SYSTEM32\msasn1.dll
0x00007ffa5f430000 - 0x00007ffa5f461000 	C:\Windows\SYSTEM32\cryptnet.dll
0x00007ffa682b0000 - 0x00007ffa68406000 	C:\Windows\System32\CRYPT32.dll
0x00007ffa5f2e0000 - 0x00007ffa5f428000 	C:\Windows\SYSTEM32\drvstore.dll
0x00007ffa67c20000 - 0x00007ffa67c4c000 	C:\Windows\SYSTEM32\devobj.dll
0x00007ffa67f80000 - 0x00007ffa67fce000 	C:\Windows\System32\cfgmgr32.dll
0x00007ffa67840000 - 0x00007ffa6784c000 	C:\Windows\SYSTEM32\cryptbase.dll
0x00007ffa68470000 - 0x00007ffa684da000 	C:\Windows\System32\WINTRUST.DLL
0x00007ffa69d90000 - 0x00007ffa69dad000 	C:\Windows\System32\imagehlp.dll
0x00007ffa67820000 - 0x00007ffa67838000 	C:\Windows\SYSTEM32\CRYPTSP.dll
0x00007ffa66ee0000 - 0x00007ffa66f14000 	C:\Windows\system32\rsaenh.dll
0x00007ffa68440000 - 0x00007ffa68467000 	C:\Windows\System32\bcrypt.dll
0x00007ffa21540000 - 0x00007ffa22d4a000 	C:\Windows\System32\DriverStore\FileRepository\nv_dispi.inf_amd64_47917a79b8c7fd22\nvd3dumx.dll
0x00007ffa15910000 - 0x00007ffa15bd7000 	C:\Windows\system32\nvspcap64.dll
0x00007ffa67000000 - 0x00007ffa67033000 	C:\Windows\SYSTEM32\ntmarta.dll
0x00007ffa66700000 - 0x00007ffa66723000 	C:\Windows\SYSTEM32\gpapi.dll
0x00007ffa5f490000 - 0x00007ffa5f4cb000 	C:\Windows\SYSTEM32\dxcore.dll
0x00007ffa68840000 - 0x00007ffa688ef000 	C:\Windows\System32\clbcatq.dll
0x00007ffa621c0000 - 0x00007ffa62374000 	C:\Windows\SYSTEM32\WindowsCodecs.dll
0x00007ffa45d80000 - 0x00007ffa45dbe000 	C:\Windows\system32\dataexchange.dll
0x00007ffa64ab0000 - 0x00007ffa64c93000 	C:\Windows\system32\dcomp.dll
0x00007ffa64280000 - 0x00007ffa644e3000 	C:\Windows\system32\d3d11.dll
0x00007ffa66730000 - 0x00007ffa66823000 	C:\Windows\system32\dxgi.dll
0x00007ffa62380000 - 0x00007ffa62580000 	C:\Windows\system32\twinapi.appcore.dll
0x00007ffa5ed60000 - 0x00007ffa5ee59000 	C:\Windows\SYSTEM32\textinputframework.dll
0x00007ffa65020000 - 0x00007ffa6537e000 	C:\Windows\System32\CoreUIComponents.dll
0x00007ffa65380000 - 0x00007ffa65472000 	C:\Windows\System32\CoreMessaging.dll
0x00007ffa63cc0000 - 0x00007ffa63e14000 	C:\Windows\SYSTEM32\wintypes.dll
0x00007ffa67320000 - 0x00007ffa673ea000 	C:\Windows\SYSTEM32\DNSAPI.dll
0x00007ffa672d0000 - 0x00007ffa6730b000 	C:\Windows\SYSTEM32\IPHLPAPI.DLL
0x00007ffa69ba0000 - 0x00007ffa69ba8000 	C:\Windows\System32\NSI.dll
0x00007ffa5c3d0000 - 0x00007ffa5c3da000 	C:\Windows\System32\rasadhlp.dll
0x00007ffa55ef0000 - 0x00007ffa55f70000 	C:\Windows\System32\fwpuclnt.dll
0x00007ffa639e0000 - 0x00007ffa639ee000 	C:\Program Files\Java\jdk-18.0.1.1\bin\sunmscapi.dll
0x00007ffa67940000 - 0x00007ffa67967000 	C:\Windows\SYSTEM32\ncrypt.dll
0x00007ffa67900000 - 0x00007ffa6793b000 	C:\Windows\SYSTEM32\NTASN1.dll
0x00007ffa67d70000 - 0x00007ffa67d9e000 	C:\Windows\SYSTEM32\USERENV.dll
0x00007ffa5fcf0000 - 0x00007ffa5fd07000 	C:\Windows\SYSTEM32\dhcpcsvc6.DLL
0x00007ffa5f5d0000 - 0x00007ffa5f5ed000 	C:\Windows\SYSTEM32\dhcpcsvc.DLL
0x00007ffa638f0000 - 0x00007ffa63900000 	C:\Program Files\Java\jdk-18.0.1.1\bin\verify.dll

dbghelp: loaded successfully - version: 4.0.5 - missing functions: none
symbol engine: initialized successfully - sym options: 0x614 - pdb path: .;C:\Program Files\Java\jdk-18.0.1.1\bin;C:\Windows\SYSTEM32;C:\Windows\WinSxS\amd64_microsoft.windows.common-controls_6595b64144ccf1df_6.0.19041.1110_none_60b5254171f9507e;C:\Program Files\Java\jdk-18.0.1.1\bin\server;C:\Windows\System32\DriverStore\FileRepository\nv_dispi.inf_amd64_47917a79b8c7fd22

VM Arguments:
java_command: com.mycompany.presentacionfaceboot.FrmRegistro
java_class_path (initial): C:\Users\Gael\Documents\GITHUB\Faceboot_Presentacion\target\classes;C:\Users\Gael\.m2\repository\unknown\binary\AbsoluteLayout\SNAPSHOT\AbsoluteLayout-SNAPSHOT.jar;C:\Users\Gael\.m2\repository\unknown\binary\LGoodDatePicker-11.2.1\SNAPSHOT\LGoodDatePicker-11.2.1-SNAPSHOT.jar;C:\Users\Gael\Documents\GITHUB\Faceboot_ProxyClienteBroker\target\classes;C:\Users\Gael\.m2\repository\com\fasterxml\jackson\core\jackson-databind\2.13.1\jackson-databind-2.13.1.jar;C:\Users\Gael\.m2\repository\com\fasterxml\jackson\core\jackson-annotations\2.13.1\jackson-annotations-2.13.1.jar;C:\Users\Gael\.m2\repository\com\fasterxml\jackson\core\jackson-core\2.13.1\jackson-core-2.13.1.jar;C:\Users\Gael\Documents\GITHUB\Faceboot_Dominio\target\classes;C:\Users\Gael\.m2\repository\org\hibernate\orm\hibernate-core\6.1.2.Final\hibernate-core-6.1.2.Final.jar;C:\Users\Gael\.m2\repository\jakarta\persistence\jakarta.persistence-api\3.0.0\jakarta.persistence-api-3.0.0.jar;C:\Users\Gael\.m2\repository\jakarta\transaction\jakarta.transaction-api\2.0.0\jakarta.transaction-api-2.0.0.jar;C:\Users\Gael\.m2\repository\org\jboss\logging\jboss-logging\3.4.3.Final\jboss-logging-3.4.3.Final.jar;C:\Users\Gael\.m2\repository\org\hibernate\common\hibernate-commons-annotations\6.0.2.Final\hibernate-commons-annotations-6.0.2.Final.jar;C:\Users\Gael\.m2\repository\org\jboss\jandex\2.4.2.Final\jandex-2.4.2.Final.jar;C:\Users\Gael\.m2\repository\com\fasterxml\classmate\1.5.1\classmate-1.5.1.jar;C:\Users\Gael\.m2\repository\jakarta\xml\bind\jakarta.xml.bind-api\3.0.1\jakarta.xml.bind-api-3.0.1.jar;C:\Users\Gael\.m2\repository\com\sun\activation\jakarta.activation\2.0.1\jakarta.activation-2.0.1.jar;C:\Users\Gael\.m2\repository\org\glassfish\jaxb\jaxb-runtime\3.0.2\jaxb-runtime-3.0.2.jar;C:\Users\Gael\.m2\repository\org\glassfish\jaxb\jaxb-core\3.0.2\jaxb-core-3.0.2.jar;C:\Users\Gael\.m2\repository\org\glassfish\jaxb\txw2\3.0.2\txw2-3.0.2.jar;C:\Users\Gael\.m2\repository\com\sun\istack\istack-commons-runtime\4.0.1\istack-commons-runtime-4.0.1.jar;C:\Users\Gael\.m2\repository\jakarta\inject\jakarta.inject-api\2.0.0\jakarta.inject-api-2.0.0.jar;C:\Users\Gael\.m2\repository\org\antlr\antlr4-runtime\4.10\antlr4-runtime-4.10.jar;C:\Users\Gael\.m2\repository\org\hibernate\hibernate-entitymanager\5.6.11.Final\hibernate-entitymanager-5.6.11.Final.jar;C:\Users\Gael\.m2\repository\javax\persistence\javax.persistence-api\2.2\javax.persistence-api-2.2.jar;C:\Users\Gael\.m2\repository\org\jboss\spec\javax\transaction\jboss-transaction-api_1.2_spec\1.1.1.Final\jboss-transaction-api_1.2_spec-1.1.1.Final.jar;C:\Users\Gael\.m2\repository\mysql\mysql-connector-java\8.0.30\mysql-connector-java-8.0.30.jar;C:\Users\Gael\.m2\repository\com\google\protobuf\protobuf-java\3.19.4\protobuf-java-3.19.4.jar;C:\Users\Gael\Documents\GITHUB\OyenteNotificacionesBroker\target\classes;C:\Users\Gael\.m2\repository\com\restfb\restfb\1.18.0\restfb-1.18.0.jar;C:\Users\Gael\.m2\repository\org\seleniumhq\selenium\selenium-java\3.141.59\selenium-java-3.141.59.jar;C:\Users\Gael\.m2\repository\org\seleniumhq\selenium\selenium-api\3.141.59\selenium-api-3.141.59.jar;C:\Users\Gael\.m2\repository\org\seleniumhq\selenium\selenium-chrome-driver\3.141.59\selenium-chrome-driver-3.141.59.jar;C:\Users\Gael\.m2\repository\org\seleniumhq\selenium\selenium-edge-driver\3.141.59\selenium-edge-driver-3.141.59.jar;C:\Users\Gael\.m2\repository\org\seleniumhq\selenium\selenium-firefox-driver\3.141.59\selenium-firefox-driver-3.141.59.jar;C:\Users\Gael\.m2\repository\org\seleniumhq\selenium\selenium-ie-driver\3.141.59\selenium-ie-driver-3.141.59.jar;C:\Users\Gael\.m2\repository\org\seleniumhq\selenium\selenium-opera-driver\3.141.59\selenium-opera-driver-3.141.59.jar;C:\Users\Gael\.m2\repository\org\seleniumhq\selenium\selenium-remote-driver\3.141.59\selenium-remote-driver-3.141.59.jar;C:\Users\Gael\.m2\repository\org\seleniumhq\selenium\selenium-safari-driver\3.141.59\selenium-safari-driver-3.141.59.jar;C:\Users\Gael\.m2\repository\org\seleniumhq\selenium\selenium-support\3.141.59\selenium-support-3.141.59.jar;C:\Users\Gael\.m2\repository\net\bytebuddy\byte-buddy\1.8.15\byte-buddy-1.8.15.jar;C:\Users\Gael\.m2\repository\org\apache\commons\commons-exec\1.3\commons-exec-1.3.jar;C:\Users\Gael\.m2\repository\com\google\guava\guava\25.0-jre\guava-25.0-jre.jar;C:\Users\Gael\.m2\repository\com\google\code\findbugs\jsr305\1.3.9\jsr305-1.3.9.jar;C:\Users\Gael\.m2\repository\org\checkerframework\checker-compat-qual\2.0.0\checker-compat-qual-2.0.0.jar;C:\Users\Gael\.m2\repository\com\google\errorprone\error_prone_annotations\2.1.3\error_prone_annotations-2.1.3.jar;C:\Users\Gael\.m2\repository\com\google\j2objc\j2objc-annotations\1.1\j2objc-annotations-1.1.jar;C:\Users\Gael\.m2\repository\org\codehaus\mojo\animal-sniffer-annotations\1.14\animal-sniffer-annotations-1.14.jar;C:\Users\Gael\.m2\repository\com\squareup\okhttp3\okhttp\3.11.0\okhttp-3.11.0.jar;C:\Users\Gael\.m2\repository\com\squareup\okio\okio\1.14.0\okio-1.14.0.jar
Launcher Type: SUN_STANDARD

[Global flags]
     intx CICompilerCount                          = 3                                         {product} {ergonomic}
     uint ConcGCThreads                            = 1                                         {product} {ergonomic}
     uint G1ConcRefinementThreads                  = 4                                         {product} {ergonomic}
   size_t G1HeapRegionSize                         = 2097152                                   {product} {ergonomic}
    uintx GCDrainStackTargetSize                   = 64                                        {product} {ergonomic}
   size_t InitialHeapSize                          = 268435456                                 {product} {ergonomic}
   size_t MarkStackSize                            = 4194304                                   {product} {ergonomic}
   size_t MaxHeapSize                              = 4278190080                                {product} {ergonomic}
   size_t MaxNewSize                               = 2566914048                                {product} {ergonomic}
   size_t MinHeapDeltaBytes                        = 2097152                                   {product} {ergonomic}
   size_t MinHeapSize                              = 8388608                                   {product} {ergonomic}
    uintx NonNMethodCodeHeapSize                   = 5832780                                {pd product} {ergonomic}
    uintx NonProfiledCodeHeapSize                  = 122912730                              {pd product} {ergonomic}
    uintx ProfiledCodeHeapSize                     = 122912730                              {pd product} {ergonomic}
    uintx ReservedCodeCacheSize                    = 251658240                              {pd product} {ergonomic}
     bool SegmentedCodeCache                       = true                                      {product} {ergonomic}
   size_t SoftMaxHeapSize                          = 4278190080                             {manageable} {ergonomic}
     bool UseCompressedClassPointers               = true                           {product lp64_product} {ergonomic}
     bool UseCompressedOops                        = true                           {product lp64_product} {ergonomic}
     bool UseG1GC                                  = true                                      {product} {ergonomic}
     bool UseLargePagesIndividualAllocation        = false                                  {pd product} {ergonomic}

Logging:
Log output configuration:
 #0: stdout all=warning uptime,level,tags foldmultilines=false
 #1: stderr all=off uptime,level,tags foldmultilines=false

Environment Variables:
JAVA_HOME=C:\Program Files\Java\jdk-18.0.1.1
PATH=C:\Program Files\Common Files\Oracle\Java\javapath;C:\ProgramData\Oracle\Java\javapath;C:\Windows\system32;C:\Windows;C:\Windows\System32\Wbem;C:\Windows\System32\WindowsPowerShell\v1.0\;C:\Windows\System32\OpenSSH\;C:\Program Files\PuTTY\;C:\Program Files\Git\cmd;C:\Program Files\MongoDB\Server\5.0\bin;C:\Program Files\MongoDB\Tools\100\bin;;C:\Program Files\NVIDIA Corporation\NVIDIA NvDLISR;C:\Program Files (x86)\NVIDIA Corporation\PhysX\Common;C:\Program Files\MySQL\MySQL Shell 8.0\bin\;C:\Users\Gael\AppData\Local\Microsoft\WindowsApps;C:\Users\Gael\AppData\Local\Programs\Microsoft VS Code\bin;C:\Users\Gael\AppData\Local\GitHubDesktop\bin
USERNAME=Gael
OS=Windows_NT
PROCESSOR_IDENTIFIER=AMD64 Family 23 Model 1 Stepping 1, AuthenticAMD



---------------  S Y S T E M  ---------------

OS:
 Windows 10 , 64 bit Build 19041 (10.0.19041.2251)
OS uptime: 3 days 21:51 hours

CPU: total 4 (initial active 4) (4 cores per cpu, 1 threads per core) family 23 model 1 stepping 1 microcode 0x0, cx8, cmov, fxsr, mmx, 3dnowpref, sse, sse2, sse3, ssse3, sse4a, sse4.1, sse4.2, popcnt, lzcnt, tsc, tscinvbit, avx, avx2, aes, clmul, bmi1, bmi2, adx, sha, fma, vzeroupper, clflush, clflushopt

Memory: 4k page, system-wide physical 16318M (3890M free)
TotalPageFile size 31031M (AvailPageFile size 4238M)
current process WorkingSet (physical memory assigned to process): 168M, peak: 182M
current process commit charge ("private bytes"): 206M, peak: 414M

vm_info: Java HotSpot(TM) 64-Bit Server VM (18.0.1.1+2-6) for windows-amd64 JRE (18.0.1.1+2-6), built on Apr 25 2022 21:53:15 by "mach5one" with MS VC++ 16.8 / 16.9 (VS2019)

END.
